0:100  0:100  MemLog inited, TSC freq: 2893428718
0:100  0:000  CPU was calibrated with ACPI PM Timer
0:100  0:000  
0:100  0:000  Now is 11.5.2019,  17:14:54 (GMT)
0:100  0:000  Starting Clover revision: 4903 on American Megatrends EFI
0:100  0:000  Build with: [Args: -mc --no-usb -D NO_GRUB_DRIVERS_EMBEDDED -t XCODE8 | -D DISABLE_USB_SUPPORT -D NO_GRUB_DRIVERS_EMBEDDED --conf=/Users/sky/src/edk2/Conf -D USE_BIOS_BLOCKIO -D USE_LOW_EBDA -a X64 -b RELEASE -t XCODE8 -n 13 | OS: 10.14.4 | XCODE: 10.1]
0:100  0:000  SelfDevicePath=PciRoot(0x0)\Pci(0x1F,0x2)\Sata(0x5,0xFFFF,0x0)\HD(1,GPT,D63850CA-8546-4BA2-8543-6C6497F913AF,0x28,0x64000) @CA42DE18
0:100  0:000  SelfDirPath = \EFI\CLOVER
0:100  0:000  === [ Get Smbios ] ========================================
0:100  0:000  Type 16 Index = 0
0:100  0:000  Total Memory Slots Count = 2
0:100  0:000  Type 17 Index = 0
0:100  0:000  SmbiosTable.Type17->Speed = 1600MHz
0:100  0:000  SmbiosTable.Type17->Size = 8192MB
0:100  0:000  SmbiosTable.Type17->Bank/Device = CHANNEL A SLOT 0 SODIMM 1
0:100  0:000  SmbiosTable.Type17->Vendor = Samsung
0:100  0:000  SmbiosTable.Type17->SerialNumber = 12D7D042
0:100  0:000  SmbiosTable.Type17->PartNumber = M471B1G73DB0-YK0  
0:100  0:000  Type 17 Index = 1
0:100  0:000  SmbiosTable.Type17->Speed = 1600MHz
0:100  0:000  SmbiosTable.Type17->Size = 8192MB
0:100  0:000  SmbiosTable.Type17->Bank/Device = CHANNEL B SLOT 0 SODIMM 2
0:100  0:000  SmbiosTable.Type17->Vendor = Samsung
0:100  0:000  SmbiosTable.Type17->SerialNumber = 376B616B
0:100  0:000  SmbiosTable.Type17->PartNumber = M471B1G73DB0-YK0  
0:100  0:000  Boot status=0
0:100  0:000  Running on: ' ' with board 'DQ77KB'
0:100  0:000  === [ GetCPUProperties ] ==================================
0:100  0:000  CPU Vendor = 756E6547 Model=306A9
0:100  0:000   The CPU supported SSE4.1
0:100  0:000  BrandString = Intel(R) Core(TM) i5-3475S CPU @ 2.90GHz
0:100  0:000   The CPU supported turbo
0:100  0:000  MSR 0x35               40004
0:100  0:000  MSR 0xE2 before patch 1E008402
0:100  0:000  MSR 0xE2 is locked, PM patches will be turned on
0:100  0:000  MSR 0xCE              00081010_E0011D00
0:100  0:000  corrected FLEX_RATIO = 180000
0:100  0:000  MSR 0x1B0             00000000
0:100  0:000  FSBFrequency = 100 MHz, DMI FSBFrequency = 100 MHz, Corrected FSBFrequency = 100 MHz
0:100  0:000  MaxDiv/MinDiv: 29.0/16
0:100  0:000  Turbo: 32/33/35/36
0:100  0:000  Features: 0xBFEBFBFF
0:100  0:000  Threads: 4
0:100  0:000  Cores: 4
0:100  0:000  FSB: 100 MHz
0:100  0:000  CPU: 2900 MHz
0:100  0:000  TSC: 2900 MHz
0:100  0:000  PIS: 100 MHz
0:100  0:000  ExternalClock: 25 MHz
0:100  0:000  === [ GetDevices ] ========================================
0:100  0:000  PCI (00|00:00.00) : 8086 0150 class=060000
0:100  0:000  PCI (00|00:02.00) : 8086 0162 class=030000
0:100  0:000   - GFX: Model=Intel HD Graphics 4000 (Intel)
0:100  0:000  PCI (00|00:14.00) : 8086 1E31 class=0C0330
0:100  0:000  PCI (00|00:16.00) : 8086 1E3A class=078000
0:100  0:000  PCI (00|00:16.01) : FFFF FFFF class=FFFFFF
0:100  0:000  PCI (00|00:16.03) : 8086 1E3D class=070002
0:100  0:000  PCI (00|00:19.00) : 8086 1502 class=020000
0:100  0:000   - LAN: 0 Vendor=Intel
0:100  0:000  PCI (00|00:1A.00) : 8086 1E2D class=0C0320
0:100  0:000  PCI (00|00:1B.00) : 8086 1E20 class=040300
0:100  0:000  PCI (00|00:1C.00) : 8086 1E10 class=060400
0:100  0:000  PCI (00|00:1C.06) : 8086 1E1C class=060400
0:100  0:000  PCI (00|02:00.00) : 8086 10D3 class=020000
0:100  0:000   - LAN: 1 Vendor=Intel
0:100  0:000  PCI (00|00:1D.00) : 8086 1E26 class=0C0320
0:100  0:000  PCI (00|00:1E.00) : 8086 244E class=060401
0:100  0:000  PCI (00|00:1F.00) : 8086 1E47 class=060100
0:100  0:000  PCI (00|00:1F.02) : 8086 1E02 class=010601
0:100  0:000  PCI (00|00:1F.03) : 8086 1E22 class=0C0500
0:100  0:000  PCI (00|00:1F.06) : FFFF FFFF class=FFFFFF
0:100  0:000  === [ GetDefaultSettings ] ================================
0:100  0:000  Clover load options size = 40 bytes
0:100  0:000  Clover started with option to boot boot.efi from Preboot
0:105  0:004  EFI\CLOVER\config.plist loaded: Success
0:105  0:000  === [ GetListOfThemes ] ===================================
0:107  0:002  - [00]: Clovy
0:114  0:007  - [01]: BGM
0:121  0:007  - [02]: CESIUM
0:127  0:005  - [03]: RANDOM
0:129  0:001  - [03]: black_green
0:131  0:002  - [04]: EMBEDDED
0:132  0:001  - [04]: SimpleThemeDark
0:135  0:002  - [05]: Hackintosh_ID
0:138  0:003  === [ Found config plists ] ===============================
0:139  0:000  - config.plist
0:139  0:000  === [ GetEarlyUserSettings ] ==============================
0:139  0:000  timeout set to 5
0:139  0:000  Custom boot CUSTOM_BOOT_APPLE (0x0)
0:139  0:000  KextsToPatch: 2 requested
0:139  0:000   - [00]: AppleAHCIPort (External icons patch) :: BinPatch :: data len: 8
0:139  0:000   - [01]: com.apple.iokit.IOAHCIBlockStorage (Enable TRIM for SSD) :: BinPatch :: data len: 11
0:139  0:000  Default theme: Hackintosh_ID
0:139  0:000  ** Warning: unknown custom entry Type 'Other'
0:139  0:000  === [ LoadDrivers ] =======================================
0:144  0:005  Loading HashServiceFix-64.efi  status=Success
0:148  0:004  Loading AppleKeyFeeder-64.efi  status=Success
0:153  0:004  Loading OsxFatBinaryDrv-64.efi  status=Success
0:157  0:004  Loading PartitionDxe-64.efi  status=Success
0:161  0:004   - driver needs connecting
0:161  0:000  Loading AppleImageCodec-64.efi  status=Success
0:165  0:004  Loading AppleUITheme-64.efi  status=Success
0:170  0:004  Loading DataHubDxe-64.efi  status=Success
0:191  0:020  Loading AppleKeyAggregator-64.efi  status=Success
0:195  0:004  Loading VBoxHfs-64.efi  status=Success
0:199  0:004   - driver needs connecting
0:199  0:000  Loading FSInject-64.efi  status=Success
0:204  0:004  Loading FirmwareVolume-64.efi  status=Success
0:208  0:004  Loading Fat-64.efi  status=Success
0:212  0:004   - driver needs connecting
0:212  0:000  Loading ApfsDriverLoader-64.efi  status=Success
0:217  0:004   - driver needs connecting
0:217  0:000  Loading SMCHelper-64.efi  status=Success
0:221  0:004  Loading AptioInputFix-64.efi  status=Success
0:225  0:004  Loading AptioMemoryFix-64.efi  status=Success
0:230  0:004  Loading AudioDxe-64.efi  status=Success
0:235  0:005   - driver needs connecting
0:235  0:000  5 drivers needs connecting ...
0:235  0:000  PlatformDriverOverrideProtocol->GetDriver overriden
0:235  0:000  Partition driver loaded: 
0:235  0:000  APFS driver loaded
0:235  0:000  Searching for invalid DiskIo BY_DRIVER connects: not found, all ok
5:468  5:232  === [ InitScreen ] ========================================
5:468  0:000  Console modes reported: 6, available modes:
5:468  0:000   - [01]: 80x25 (current mode)
5:468  0:000   - [02]: 80x50
5:468  0:000   - [03]: 100x31
5:468  0:000   - [06]: 128x40
5:468  0:000  SetMaxResolution: found best mode 4: 1920x1080
5:691  0:223  Video mode change to mode #4: Success
5:691  0:000   - set
5:691  0:000  reinit: self device path=PciRoot(0x0)\Pci(0x1F,0x2)\Sata(0x5,0xFFFF,0x0)\HD(1,GPT,D63850CA-8546-4BA2-8543-6C6497F913AF,0x28,0x64000)
5:692  0:000  Using embedded font: Success
5:798  0:105  === [ GetMacAddress ] =====================================
5:798  0:000  MAC address of LAN #0= 0C:54:A5:51:80:94:
5:798  0:000  MAC address of LAN #1= 0C:54:A5:51:80:95:
5:798  0:000  === [ ScanSPD ] ===========================================
5:798  0:000  Scanning SMBus [8086:1E22], mmio: 0xF7D35004, ioport: 0xF040, hostc: 0x11
5:817  0:019  Slot: 0 Type 24 8192MB 1600MHz Vendor=Samsung PartNo=M471B1G73DB0-YK0 SerialNo=01020D070D000402
5:837  0:019  Slot: 2 Type 24 8192MB 1600MHz Vendor=Samsung PartNo=M471B1G73DB0-YK0 SerialNo=0307060B0601060B
5:837  0:000  === [ GetAcpiTablesList ] =================================
5:837  0:000  Get Acpi Tables List from RSDT:
5:837  0:000   - [00]: FACP  DQ77KB   len=132
5:837  0:000   - [01]: APIC  DQ77KB   len=114
5:837  0:000   - [02]: FPDT  DQ77KB   len=68
5:837  0:000   - [03]: TCPA  DQ77KB   len=50
5:837  0:000   - [04]: MCFG  DQ77KB   len=60
5:837  0:000   - [05]: HPET  DQ77KB   len=56
5:837  0:000   - [06]: SSDT  DQ77KB   len=877
5:837  0:000   - [07]: SSDT  DQ77KB   len=2408
5:837  0:000   - [08]: SSDT  DQ77KB   len=2850
5:837  0:000   - [09]: DMAR  DQ77KB   len=184
5:837  0:000   - [10]: ASF!  DQ77KB   len=165
5:837  0:000   - [11]: BGRT  DQ77KB   len=56
5:837  0:000  Calibrated TSC Frequency = 2893428718 = 2893MHz
5:838  0:000  === [ GetUserSettings ] ===================================
5:838  0:000  USB FixOwnership: no
5:838  0:000  Dropping 2 tables:
5:838  0:000   - [00]: Drop table  signature="DMAR" (52414D44)
5:838  0:000           - set table: 52414D44,                0 to drop: yes
5:838  0:000   - [01]: Drop table  signature="MATS" (5354414D)
5:838  0:000           - set table: 5354414D,                0 to drop: no
5:838  0:000   - final DSDT Fix mask=00000000
5:838  0:000  PatchesDSDT: 5 requested
5:838  0:000   - [00]: (change SAT0 to SATA) lenToFind: 4, lenToReplace: 4, Target Bridge: <null string>
5:838  0:000   - [01]: (change HECI to IMEI) lenToFind: 4, lenToReplace: 4, Target Bridge: <null string>
5:838  0:000   - [02]: (change EHC1 to EH01) lenToFind: 4, lenToReplace: 4, Target Bridge: <null string>
5:838  0:000   - [03]: (change EHC2 to EH02) lenToFind: 4, lenToReplace: 4, Target Bridge: <null string>
5:838  0:000   - [04]: (change GFX0 to IGPU) lenToFind: 4, lenToReplace: 4, Target Bridge: <null string>
5:838  0:000  Using ProductName from config: Macmini6,2
5:838  0:000  Using latest BiosVersion from clover
5:838  0:000  BiosVersion: MM61.88Z.F000.B00.1902141637
5:838  0:000  BiosReleaseDate: 02/14/2019
5:838  0:000  Using EfiVersion from config: 274.0.0.0.0
5:838  0:000  Using FirmwareFeatures from config: 0xE00DE137
5:838  0:000  Using FirmwareFeaturesMask from config: 0xFF1FFF3F
5:838  0:000  Board-ID set from config as Mac-F65AE981FFA204ED
5:838  0:000  BoardType: 0xA
5:838  0:000  ChassisType: 0x10
5:838  0:000  Converted CustomUUID 140BEAE8-81E3-568E-9274-BA62D578A615
5:842  0:003  === [ Found DSDT tables ] =================================
5:931  0:089  === [ ScanVolumes ] =======================================
5:931  0:000  Found 7 volumes with blockIO
5:931  0:000  - [00]: Volume: PciRoot(0x0)\Pci(0x1F,0x2)\Sata(0x5,0xFFFF,0x0)
5:931  0:000  - [01]: Volume: PciRoot(0x0)\Pci(0x1F,0x2)\Sata(0x5,0xFFFF,0x0)\HD(1,GPT,D63850CA-8546-4BA2-8543-6C6497F913AF,0x28,0x64000)
5:932  0:000          Result of bootcode detection: bootable unknown (legacy)
5:941  0:008          This is SelfVolume !!
5:941  0:000  - [02]: Volume: PciRoot(0x0)\Pci(0x1F,0x2)\Sata(0x5,0xFFFF,0x0)\HD(2,GPT,E76FACBD-4BAC-4047-9C3E-D0841A5DEF13,0x64028,0x1DC8F260)
5:941  0:000          Result of bootcode detection: bootable unknown (legacy)
5:941  0:000  - [03]: Volume: PciRoot(0x0)\Pci(0x1F,0x2)\Sata(0x5,0xFFFF,0x0)\HD(2,GPT,E76FACBD-4BAC-4047-9C3E-D0841A5DEF13,0x64028,0x1DC8F260)\VenMedia(BE74FCF7-0B7C-49F3-9147-01F4042E6842,0D9E6913AC090044A21E171EEFE3ABF4)
5:941  0:000  - [04]: Volume: PciRoot(0x0)\Pci(0x1F,0x2)\Sata(0x5,0xFFFF,0x0)\HD(2,GPT,E76FACBD-4BAC-4047-9C3E-D0841A5DEF13,0x64028,0x1DC8F260)\VenMedia(BE74FCF7-0B7C-49F3-9147-01F4042E6842,E71DC3F96D6E2B3EAE2F88145D264F3F)
5:941  0:000  - [05]: Volume: PciRoot(0x0)\Pci(0x1F,0x2)\Sata(0x5,0xFFFF,0x0)\HD(2,GPT,E76FACBD-4BAC-4047-9C3E-D0841A5DEF13,0x64028,0x1DC8F260)\VenMedia(BE74FCF7-0B7C-49F3-9147-01F4042E6842,31E50470554DCF4C9EF9F01F414B50B8)
5:941  0:000  - [06]: Volume: PciRoot(0x0)\Pci(0x1F,0x2)\Sata(0x5,0xFFFF,0x0)\HD(2,GPT,E76FACBD-4BAC-4047-9C3E-D0841A5DEF13,0x64028,0x1DC8F260)\VenMedia(BE74FCF7-0B7C-49F3-9147-01F4042E6842,15B936106B222447A4D71109D44A7939)
5:942  0:000  found 2 handles with audio
5:942  0:000  No AudioIoDevice stored
5:942  0:000  no stored audio parameters
5:942  0:000  === [ InitTheme ] =========================================
5:942  0:000  use daylight theme
5:946  0:004  Using theme 'Hackintosh_ID' (EFI\CLOVER\themes\Hackintosh_ID)
5:946  0:000  OS main and drive as badge
5:946  0:000  file sound read: sound.wav Not Found
5:947  0:001  Loading font from ThemeDir: Success
5:947  0:000  theme inited
5:947  0:000  Chosen theme Hackintosh_ID
5:948  0:000  after NVRAM boot-args=dart=0 nv_disable=1 -disablegfxfirmware
5:948  0:000  === [ Dump SMC keys from NVRAM ] ==========================
5:948  0:000  found AppleSMC protocol
5:970  0:021  Registered 16 SMC keys
5:971  0:001  === [ AddCustomEntries ] ==================================
5:971  0:000  Custom entry 0 skipped because it is disabled.
5:971  0:000  === [ ScanLoader ] ========================================
5:971  0:000  - [01]: 'EFI'
6:043  0:071          AddLoaderEntry for Volume Name=EFI
6:043  0:000          skipped because entry is hidden
6:043  0:000  - [03]: 'Preboot'
6:053  0:010          AddLoaderEntry for Volume Name=Preboot
6:054  0:000      Not match custom entry 0: Type: not match
6:065  0:011      Check if volume Is Hibernated:
6:065  0:000      Check sleep image 'by signature':
6:066  0:001      using default sleep image name = \private\var\vm\sleepimage
6:066  0:000      sleepimage not found -> Not Found
6:066  0:000      hibernated: no - sign
6:074  0:007          AddLoaderEntry for Volume Name=Preboot
6:074  0:000      Not match custom entry 0: Type: not match
6:156  0:082  - [04]: 'Macintosh HD'
6:260  0:104          AddLoaderEntry for Volume Name=Macintosh HD
6:260  0:000      Not match custom entry 0: Type: not match
6:284  0:023      Check if volume Is Hibernated:
6:284  0:000      Check sleep image 'by signature':
6:316  0:032      read prefs \Library\Preferences\com.apple.PowerManagement.plist status=Success
6:316  0:000      using default sleep image name = \private\var\vm\sleepimage
6:332  0:015      sleepimage not found -> Not Found
6:332  0:000      hibernated: no - sign
8:314  1:981          AddLoaderEntry for Volume Name=Macintosh HD
8:314  0:000          skipped because entry is hidden
8:314  0:000  - [05]: 'Recovery'
8:321  0:007          AddLoaderEntry for Volume Name=Recovery
8:321  0:000      Not match custom entry 0: Type: not match
8:400  0:078  - [06]: 'VM'
8:452  0:051  Scanning legacy ...
8:452  0:000  === [ AddCustomTool ] =====================================
8:455  0:002  found tool \EFI\CLOVER\tools\Shell64U.efi
8:455  0:000  Checking EFI partition Volume 1 for Clover
8:455  0:000   Found Clover
8:459  0:003  === [ GetEfiBootDeviceFromNvram ] =========================
8:459  0:000   - efi-boot-device-data: PciRoot(0x0)\Pci(0x1F,0x2)\Sata(0x5,0xFFFF,0x0)\HD(2,GPT,E76FACBD-4BAC-4047-9C3E-D0841A5DEF13,0x64028,0x1DC8F260)\VenMedia(BE74FCF7-0B7C-49F3-9147-01F4042E6842,E71DC3F96D6E2B3EAE2F88145D264F3F)
8:459  0:000    - Volume: 'PciRoot(0x0)\Pci(0x1F,0x2)\Sata(0x5,0xFFFF,0x0)\HD(2,GPT,E76FACBD-4BAC-4047-9C3E-D0841A5DEF13,0x64028,0x1DC8F260)\VenMedia(BE74FCF7-0B7C-49F3-9147-01F4042E6842,E71DC3F96D6E2B3EAE2F88145D264F3F)'
8:459  0:000    - LoaderPath: '<null string>'
8:459  0:000    - Guid = E76FACBD-4BAC-4047-9C3E-D0841A5DEF13
8:459  0:000  === [ FindStartupDiskVolume ] =============================
8:459  0:000    - Volume: partition = PciRoot(0x0)\Pci(0x1F,0x2)\Sata(0x5,0xFFFF,0x0)\HD(2,GPT,E76FACBD-4BAC-4047-9C3E-D0841A5DEF13,0x64028,0x1DC8F260)\VenMedia(BE74FCF7-0B7C-49F3-9147-01F4042E6842,E71DC3F96D6E2B3EAE2F88145D264F3F)
8:459  0:000     - searching for that partition
8:459  0:000      - found entry 2. 'Boot macOS from Macintosh HD', Volume 'Macintosh HD'
8:459  0:000  Boot redirected to Entry 2. 'Boot macOS from Macintosh HD'
8:459  0:000  DefaultIndex=2 and MainMenu.EntryCount=10
8:589  0:130  GUI ready
32:476  23:886  
Boot options:
-------------
32:476  0:000  BootOrder: 11: Boot0003, Boot0004, Boot0005, Boot0006, Boot0084, Boot0002, Boot0000, Boot000D, Boot0080, Boot0007, Boot0001
32:476  0:000   0) Boot0003: Clover start boot.efi at Preboot, Attr: 0x1
32:476  0:000      HD(1,GPT,D63850CA-8546-4BA2-8543-6C6497F913AF,0x28,0x64000)\EFI\CLOVER\CLOVERX64.EFII
32:476  0:000      Size: 214 (Attr:4 + FPl:2 + Desc:66 + FP:102 + Opt:40 = 214 -> OK)
32:476  0:000   1) Boot0004: Clover start boot.efi at Preboot, Attr: 0x1
32:476  0:000      HD(1,GPT,D63850CA-8546-4BA2-8543-6C6497F913AF,0x28,0x64000)\EFI\CLOVER\CLOVERX64.EFII
32:476  0:000      Size: 214 (Attr:4 + FPl:2 + Desc:66 + FP:102 + Opt:40 = 214 -> OK)
32:476  0:000   2) Boot0005: Clover start boot.efi at Macintosh HD, Attr: 0x1
32:476  0:000      HD(1,GPT,D63850CA-8546-4BA2-8543-6C6497F913AF,0x28,0x64000)\EFI\CLOVER\CLOVERX64.EFII
32:476  0:000      Size: 234 (Attr:4 + FPl:2 + Desc:76 + FP:102 + Opt:50 = 234 -> OK)
32:476  0:000   3) Boot0006: Clover start boot.efi at Recovery, Attr: 0x1
32:476  0:000      HD(1,GPT,D63850CA-8546-4BA2-8543-6C6497F913AF,0x28,0x64000)\EFI\CLOVER\CLOVERX64.EFII
32:476  0:000      Size: 218 (Attr:4 + FPl:2 + Desc:68 + FP:102 + Opt:42 = 218 -> OK)
32:477  0:000   4) Boot0084: UEFI : SATA : PORT 5 : SAMSUNG SSD PM841 mSATA 256GB : PART 0 : OS Bootloader, Attr: 0x1
32:477  0:000      PciRoot(0x0)\Pci(0x1F,0x2)\Sata(0x5,0xFFFF,0x0)\HD(1,GPT,D63850CA-8546-4BA2-8543-6C6497F913AF,0x28,0x64000)
32:477  0:000      Size: 306 (Attr:4 + FPl:2 + Desc:156 + FP:140 + Opt:4 = 306 -> OK)
32:477  0:000   5) Boot0002: SATA : PORT 5 : SAMSUNG SSD PM841 mSATA 256GB : PART 0 : Boot Drive, Attr: 0x1
32:477  0:000      BBS(HD,)
32:477  0:000      Size: 257 (Attr:4 + FPl:2 + Desc:136 + FP:111 + Opt:4 = 257 -> OK)
32:477  0:000   6) Boot0000: LAN : IBA GE Slot 00C8 v1376, Attr: 0x1
32:477  0:000      BBS(Network,)
32:477  0:000      Size: 181 (Attr:4 + FPl:2 + Desc:58 + FP:113 + Opt:4 = 181 -> OK)
32:477  0:000   7) Boot000D: LAN : IBA GE Slot 0200 v1376, Attr: 0x1
32:477  0:000      BBS(Network,)
32:477  0:000      Size: 181 (Attr:4 + FPl:2 + Desc:58 + FP:113 + Opt:4 = 181 -> OK)
32:477  0:000   8) Boot0080: Mac OS X, Attr: 0x9
32:477  0:000      VenHw(99E275E7-75A0-4B37-A2E6-C5385E6C00CB)
32:477  0:000      Size: 312 (Attr:4 + FPl:2 + Desc:18 + FP:288 + Opt:0 = 312 -> OK)
32:477  0:000   9) Boot0007: Windows Boot Manager, Attr: 0x9
32:477  0:000      VenHw(99E275E7-75A0-4B37-A2E6-C5385E6C00CB)
32:477  0:000      Size: 324 (Attr:4 + FPl:2 + Desc:42 + FP:140 + Opt:136 = 324 -> OK)
32:477  0:000  10) Boot0001: CentOS, Attr: 0x9
32:477  0:000      VenHw(99E275E7-75A0-4B37-A2E6-C5385E6C00CB)
32:477  0:000      Size: 142 (Attr:4 + FPl:2 + Desc:14 + FP:122 + Opt:0 = 142 -> OK)
32:477  0:000  
Boot options not in BootOrder list:
36:798  4:320   not found
36:798  0:000  -------------
36:798  0:000  ReinitSelfLib after theme change
36:798  0:000  reinit: self device path=PciRoot(0x0)\Pci(0x1F,0x2)\Sata(0x5,0xFFFF,0x0)\HD(1,GPT,D63850CA-8546-4BA2-8543-6C6497F913AF,0x28,0x64000)
36:798  0:000  === [ ScanVolumes ] =======================================
36:798  0:000  Found 7 volumes with blockIO
36:798  0:000  - [00]: Volume: PciRoot(0x0)\Pci(0x1F,0x2)\Sata(0x5,0xFFFF,0x0)
36:801  0:003  - [01]: Volume: PciRoot(0x0)\Pci(0x1F,0x2)\Sata(0x5,0xFFFF,0x0)\HD(1,GPT,D63850CA-8546-4BA2-8543-6C6497F913AF,0x28,0x64000)
36:802  0:000          Result of bootcode detection: bootable unknown (legacy)
36:802  0:000          This is SelfVolume !!
36:802  0:000  - [02]: Volume: PciRoot(0x0)\Pci(0x1F,0x2)\Sata(0x5,0xFFFF,0x0)\HD(2,GPT,E76FACBD-4BAC-4047-9C3E-D0841A5DEF13,0x64028,0x1DC8F260)
36:803  0:000          Result of bootcode detection: bootable unknown (legacy)
36:803  0:000  - [03]: Volume: PciRoot(0x0)\Pci(0x1F,0x2)\Sata(0x5,0xFFFF,0x0)\HD(2,GPT,E76FACBD-4BAC-4047-9C3E-D0841A5DEF13,0x64028,0x1DC8F260)\VenMedia(BE74FCF7-0B7C-49F3-9147-01F4042E6842,0D9E6913AC090044A21E171EEFE3ABF4)
36:803  0:000  - [04]: Volume: PciRoot(0x0)\Pci(0x1F,0x2)\Sata(0x5,0xFFFF,0x0)\HD(2,GPT,E76FACBD-4BAC-4047-9C3E-D0841A5DEF13,0x64028,0x1DC8F260)\VenMedia(BE74FCF7-0B7C-49F3-9147-01F4042E6842,E71DC3F96D6E2B3EAE2F88145D264F3F)
36:803  0:000  - [05]: Volume: PciRoot(0x0)\Pci(0x1F,0x2)\Sata(0x5,0xFFFF,0x0)\HD(2,GPT,E76FACBD-4BAC-4047-9C3E-D0841A5DEF13,0x64028,0x1DC8F260)\VenMedia(BE74FCF7-0B7C-49F3-9147-01F4042E6842,31E50470554DCF4C9EF9F01F414B50B8)
36:803  0:000  - [06]: Volume: PciRoot(0x0)\Pci(0x1F,0x2)\Sata(0x5,0xFFFF,0x0)\HD(2,GPT,E76FACBD-4BAC-4047-9C3E-D0841A5DEF13,0x64028,0x1DC8F260)\VenMedia(BE74FCF7-0B7C-49F3-9147-01F4042E6842,15B936106B222447A4D71109D44A7939)
36:803  0:000  found 2 handles with audio
36:803  0:000  No AudioIoDevice stored
36:803  0:000  no stored audio parameters
36:803  0:000  theme inited
36:803  0:000  Chosen theme Hackintosh_ID
36:803  0:000  after NVRAM boot-args=dart=0 nv_disable=1 -disablegfxfirmware
36:803  0:000  === [ AddCustomEntries ] ==================================
36:803  0:000  Custom entry 0 skipped because it is disabled.
36:803  0:000  === [ ScanLoader ] ========================================
36:803  0:000  - [01]: 'EFI'
36:857  0:054          AddLoaderEntry for Volume Name=EFI
36:857  0:000          skipped because entry is hidden
36:857  0:000  - [03]: 'Preboot'
36:866  0:008          AddLoaderEntry for Volume Name=Preboot
36:866  0:000      Not match custom entry 0: Type: not match
36:877  0:010      Check if volume Is Hibernated:
36:877  0:000      Check sleep image 'by signature':
36:878  0:001      using default sleep image name = \private\var\vm\sleepimage
36:878  0:000      sleepimage not found -> Not Found
36:878  0:000      hibernated: no - sign
36:885  0:006          AddLoaderEntry for Volume Name=Preboot
36:885  0:000      Not match custom entry 0: Type: not match
36:968  0:082  - [04]: 'Macintosh HD'
37:043  0:075          AddLoaderEntry for Volume Name=Macintosh HD
37:043  0:000      Not match custom entry 0: Type: not match
37:064  0:021      Check if volume Is Hibernated:
37:064  0:000      Check sleep image 'by signature':
37:084  0:020      read prefs \Library\Preferences\com.apple.PowerManagement.plist status=Success
37:084  0:000      using default sleep image name = \private\var\vm\sleepimage
37:091  0:006      sleepimage not found -> Not Found
37:091  0:000      hibernated: no - sign
39:064  1:973          AddLoaderEntry for Volume Name=Macintosh HD
39:064  0:000          skipped because entry is hidden
39:064  0:000  - [05]: 'Recovery'
39:072  0:007          AddLoaderEntry for Volume Name=Recovery
39:072  0:000      Not match custom entry 0: Type: not match
39:148  0:076  - [06]: 'VM'
39:200  0:051  Scanning legacy ...
39:200  0:000  === [ AddCustomTool ] =====================================
39:200  0:000  found tool \EFI\CLOVER\tools\Shell64U.efi
39:200  0:000  Checking EFI partition Volume 1 for Clover
39:200  0:000   Found Clover
39:200  0:000  === [ GetEfiBootDeviceFromNvram ] =========================
39:200  0:000  === [ FindStartupDiskVolume ] =============================
39:200  0:000    - Volume: partition = PciRoot(0x0)\Pci(0x1F,0x2)\Sata(0x5,0xFFFF,0x0)\HD(2,GPT,E76FACBD-4BAC-4047-9C3E-D0841A5DEF13,0x64028,0x1DC8F260)\VenMedia(BE74FCF7-0B7C-49F3-9147-01F4042E6842,E71DC3F96D6E2B3EAE2F88145D264F3F)
39:200  0:000     - searching for that partition
39:200  0:000      - found entry 2. 'Boot macOS from Macintosh HD', Volume 'Macintosh HD'
39:200  0:000  Boot redirected to Entry 2. 'Boot macOS from Macintosh HD'
39:200  0:000  DefaultIndex=2 and MainMenu.EntryCount=10
